<?xml version="1.0" encoding="UTF-8"?>
<!-- Generated by org.testng.reporters.JUnitXMLReporter -->
<testsuite ignored="0" hostname="MANIBADRA" failures="0" tests="4" name="Test" time="2.077" errors="0" timestamp="2024-04-14T21:34:08 IST">
  <testcase classname="advanceSeleniumE1.BaseClass" name="@BeforeClass toLunch" time="1.395">
    <failure type="org.openqa.selenium.remote.NoSuchDriverException" message="Unable to obtain: Capabilities {browserName: internet explorer, se:ieOptions: {}}, error Command failed with code: 65, executed: [--browser, internet explorer, --output, json]
error sending request for url (https://raw.githubusercontent.com/SeleniumHQ/selenium/trunk/common/mirror/selenium): error trying to connect: dns error: No such host is known. (os error 11001)
Build info: version: &amp;apos;4.12.1&amp;apos;, revision: &amp;apos;8e34639b11&amp;apos;
System info: os.name: &amp;apos;Windows 11&amp;apos;, os.arch: &amp;apos;amd64&amp;apos;, os.version: &amp;apos;10.0&amp;apos;, java.version: &amp;apos;17.0.2&amp;apos;
Driver info: driver.version: InternetExplorerDriver">
      <![CDATA[org.openqa.selenium.remote.NoSuchDriverException: Unable to obtain: Capabilities {browserName: internet explorer, se:ieOptions: {}}, error Command failed with code: 65, executed: [--browser, internet explorer, --output, json]
error sending request for url (https://raw.githubusercontent.com/SeleniumHQ/selenium/trunk/common/mirror/selenium): error trying to connect: dns error: No such host is known. (os error 11001)
Build info: version: '4.12.1', revision: '8e34639b11'
System info: os.name: 'Windows 11', os.arch: 'amd64', os.version: '10.0', java.version: '17.0.2'
Driver info: driver.version: InternetExplorerDriver
at org.openqa.selenium.remote.service.DriverFinder.getPath(DriverFinder.java:25)
at org.openqa.selenium.remote.service.DriverFinder.getPath(DriverFinder.java:13)
at org.openqa.selenium.ie.InternetExplorerDriver.<init>(InternetExplorerDriver.java:128)
at org.openqa.selenium.ie.InternetExplorerDriver.<init>(InternetExplorerDriver.java:88)
at advanceSeleniumE1.BaseClass.toLunch(BaseClass.java:36)
at java.base/java.util.ArrayList.forEach(ArrayList.java:1511)
Caused by: org.openqa.selenium.WebDriverException: Command failed with code: 65, executed: [--browser, internet explorer, --output, json]
error sending request for url (https://raw.githubusercontent.com/SeleniumHQ/selenium/trunk/common/mirror/selenium): error trying to connect: dns error: No such host is known. (os error 11001)
Build info: version: '4.12.1', revision: '8e34639b11'
System info: os.name: 'Windows 11', os.arch: 'amd64', os.version: '10.0', java.version: '17.0.2'
Driver info: driver.version: InternetExplorerDriver
at org.openqa.selenium.manager.SeleniumManager.runCommand(SeleniumManager.java:144)
at org.openqa.selenium.manager.SeleniumManager.getDriverPath(SeleniumManager.java:299)
at org.openqa.selenium.remote.service.DriverFinder.getPath(DriverFinder.java:22)
... 30 more
... Removed 25 stack frames]]>
    </failure>
  </testcase> <!-- @BeforeClass toLunch -->
  <testcase classname="advanceSeleniumE1.BaseClass" name="@BeforeMethod toLogin" time="0.0">
    <skipped/>
  </testcase> <!-- @BeforeMethod toLogin -->
  <testcase classname="advanceSeleniumE1.BaseClass" name="@BeforeMethod toLogin" time="0.0">
    <skipped/>
  </testcase> <!-- @BeforeMethod toLogin -->
  <testcase classname="advanceSeleniumE1.BaseClass" name="@BeforeClass toLunch" time="0.559">
    <failure type="org.openqa.selenium.remote.NoSuchDriverException" message="Unable to obtain: Capabilities {browserName: internet explorer, se:ieOptions: {}}, error Command failed with code: 65, executed: [--browser, internet explorer, --output, json]
error sending request for url (https://raw.githubusercontent.com/SeleniumHQ/selenium/trunk/common/mirror/selenium): error trying to connect: dns error: No such host is known. (os error 11001)
Build info: version: &amp;apos;4.12.1&amp;apos;, revision: &amp;apos;8e34639b11&amp;apos;
System info: os.name: &amp;apos;Windows 11&amp;apos;, os.arch: &amp;apos;amd64&amp;apos;, os.version: &amp;apos;10.0&amp;apos;, java.version: &amp;apos;17.0.2&amp;apos;
Driver info: driver.version: InternetExplorerDriver">
      <![CDATA[org.openqa.selenium.remote.NoSuchDriverException: Unable to obtain: Capabilities {browserName: internet explorer, se:ieOptions: {}}, error Command failed with code: 65, executed: [--browser, internet explorer, --output, json]
error sending request for url (https://raw.githubusercontent.com/SeleniumHQ/selenium/trunk/common/mirror/selenium): error trying to connect: dns error: No such host is known. (os error 11001)
Build info: version: '4.12.1', revision: '8e34639b11'
System info: os.name: 'Windows 11', os.arch: 'amd64', os.version: '10.0', java.version: '17.0.2'
Driver info: driver.version: InternetExplorerDriver
at org.openqa.selenium.remote.service.DriverFinder.getPath(DriverFinder.java:25)
at org.openqa.selenium.remote.service.DriverFinder.getPath(DriverFinder.java:13)
at org.openqa.selenium.ie.InternetExplorerDriver.<init>(InternetExplorerDriver.java:128)
at org.openqa.selenium.ie.InternetExplorerDriver.<init>(InternetExplorerDriver.java:88)
at advanceSeleniumE1.BaseClass.toLunch(BaseClass.java:36)
at java.base/java.util.ArrayList.forEach(ArrayList.java:1511)
Caused by: org.openqa.selenium.WebDriverException: Command failed with code: 65, executed: [--browser, internet explorer, --output, json]
error sending request for url (https://raw.githubusercontent.com/SeleniumHQ/selenium/trunk/common/mirror/selenium): error trying to connect: dns error: No such host is known. (os error 11001)
Build info: version: '4.12.1', revision: '8e34639b11'
System info: os.name: 'Windows 11', os.arch: 'amd64', os.version: '10.0', java.version: '17.0.2'
Driver info: driver.version: InternetExplorerDriver
at org.openqa.selenium.manager.SeleniumManager.runCommand(SeleniumManager.java:144)
at org.openqa.selenium.manager.SeleniumManager.getDriverPath(SeleniumManager.java:299)
at org.openqa.selenium.remote.service.DriverFinder.getPath(DriverFinder.java:22)
... 30 more
... Removed 25 stack frames]]>
    </failure>
  </testcase> <!-- @BeforeClass toLunch -->
  <testcase classname="advanceSeleniumE1.BaseClass" name="@BeforeMethod toLogin" time="0.0">
    <skipped/>
  </testcase> <!-- @BeforeMethod toLogin -->
  <testcase classname="advanceSeleniumE1.BaseClass" name="@BeforeMethod toLogin" time="0.0">
    <skipped/>
  </testcase> <!-- @BeforeMethod toLogin -->
  <testcase classname="advanceSeleniumE1.BaseClass" name="logout" time="0.0">
    <skipped/>
  </testcase> <!-- logout -->
  <testcase classname="advanceSeleniumE1.TC_DWS_001" name="Book" time="0.001">
    <skipped/>
  </testcase> <!-- Book -->
  <testcase classname="advanceSeleniumE1.BaseClass" name="logout" time="0.0">
    <skipped/>
  </testcase> <!-- logout -->
  <testcase classname="advanceSeleniumE1.TC_DWT_002" name="clickComputer" time="0.0">
    <skipped/>
  </testcase> <!-- clickComputer -->
</testsuite> <!-- Test -->
